<?xml version="1.0" encoding="UTF-8"?>
<!-- Generated by org.testng.reporters.JUnitXMLReporter -->
<testsuite ignored="0" hostname="ajeybaskars-MacBook-Air.local" failures="0" tests="0" name="Cucumber Tests" time="0.189" errors="0" timestamp="2025-09-08T20:31:40 IST">
  <testcase classname="io.cucumber.testng.AbstractTestNGCucumberTests" name="@BeforeClass setUpClass" time="0.133">
    <failure type="io.cucumber.core.gherkin.FeatureParserException" message="Failed to parse resource at: file:///Users/pravali/Documents/GitHub/AutoZenRepo/src/test/resources/features/testrail.feature
(5:1): expected: #TagLine, #RuleLine, #Comment, #Empty, got &amp;apos;Feature: Facebook Signup&amp;apos;
(6:3): expected: #TagLine, #RuleLine, #Comment, #Empty, got &amp;apos;Scenario: Complete signup process&amp;apos;
(7:5): expected: #TagLine, #RuleLine, #Comment, #Empty, got &amp;apos;Given User opens the Facebook signup page&amp;apos;
(8:5): expected: #TagLine, #RuleLine, #Comment, #Empty, got &amp;apos;When User enters first name &amp;quot;John&amp;quot;&amp;apos;
(9:5): expected: #TagLine, #RuleLine, #Comment, #Empty, got &amp;apos;And User enters last name &amp;quot;Doe&amp;quot;&amp;apos;
(10:5): expected: #TagLine, #RuleLine, #Comment, #Empty, got &amp;apos;And User enters mobile number or email &amp;quot;john.doe@example.com&amp;quot;&amp;apos;
(11:5): expected: #TagLine, #RuleLine, #Comment, #Empty, got &amp;apos;And User re-enters mobile number or email &amp;quot;john.doe@example.com&amp;quot;&amp;apos;
(12:5): expected: #TagLine, #RuleLine, #Comment, #Empty, got &amp;apos;And User enters a new password &amp;quot;StrongPass@123&amp;quot;&amp;apos;
(13:5): expected: #TagLine, #RuleLine, #Comment, #Empty, got &amp;apos;And User selects birth date &amp;quot;10&amp;quot; &amp;quot;May&amp;quot; &amp;quot;1995&amp;quot;&amp;apos;
(14:5): expected: #TagLine, #RuleLine, #Comment, #Empty, got &amp;apos;And User selects gender &amp;quot;Male&amp;quot;&amp;apos;
(15:5): expected: #TagLine, #RuleLine, #Comment, #Empty, got &amp;apos;And User clicks the Sign Up button&amp;apos;">
      <![CDATA[io.cucumber.core.gherkin.FeatureParserException: Failed to parse resource at: file:///Users/pravali/Documents/GitHub/AutoZenRepo/src/test/resources/features/testrail.feature
(5:1): expected: #TagLine, #RuleLine, #Comment, #Empty, got 'Feature: Facebook Signup'
(6:3): expected: #TagLine, #RuleLine, #Comment, #Empty, got 'Scenario: Complete signup process'
(7:5): expected: #TagLine, #RuleLine, #Comment, #Empty, got 'Given User opens the Facebook signup page'
(8:5): expected: #TagLine, #RuleLine, #Comment, #Empty, got 'When User enters first name "John"'
(9:5): expected: #TagLine, #RuleLine, #Comment, #Empty, got 'And User enters last name "Doe"'
(10:5): expected: #TagLine, #RuleLine, #Comment, #Empty, got 'And User enters mobile number or email "john.doe@example.com"'
(11:5): expected: #TagLine, #RuleLine, #Comment, #Empty, got 'And User re-enters mobile number or email "john.doe@example.com"'
(12:5): expected: #TagLine, #RuleLine, #Comment, #Empty, got 'And User enters a new password "StrongPass@123"'
(13:5): expected: #TagLine, #RuleLine, #Comment, #Empty, got 'And User selects birth date "10" "May" "1995"'
(14:5): expected: #TagLine, #RuleLine, #Comment, #Empty, got 'And User selects gender "Male"'
(15:5): expected: #TagLine, #RuleLine, #Comment, #Empty, got 'And User clicks the Sign Up button'
at io.cucumber.core.gherkin.messages.GherkinMessagesFeatureParser.parse(GherkinMessagesFeatureParser.java:56)
at io.cucumber.core.feature.FeatureParser.parseResource(FeatureParser.java:46)
at java.base/java.util.function.BiFunction.lambda$andThen$0(BiFunction.java:70)
at io.cucumber.core.resource.ResourceScanner.lambda$processResource$1(ResourceScanner.java:79)
at io.cucumber.core.resource.PathScanner$ResourceFileVisitor.visitFile(PathScanner.java:75)
at io.cucumber.core.resource.PathScanner$ResourceFileVisitor.visitFile(PathScanner.java:60)
at java.base/java.nio.file.Files.walkFileTree(Files.java:2799)
at io.cucumber.core.resource.PathScanner.findResourcesForPath(PathScanner.java:53)
at io.cucumber.core.resource.PathScanner.findResourcesForUri(PathScanner.java:31)
at io.cucumber.core.resource.ResourceScanner.findResourcesForUri(ResourceScanner.java:61)
at io.cucumber.core.resource.ResourceScanner.scanForResourcesUri(ResourceScanner.java:134)
at io.cucumber.core.runtime.FeaturePathFeatureSupplier.loadFeatures(FeaturePathFeatureSupplier.java:62)
at io.cucumber.core.runtime.FeaturePathFeatureSupplier.get(FeaturePathFeatureSupplier.java:45)
at io.cucumber.testng.TestNGCucumberRunner.<init>(TestNGCucumberRunner.java:122)
at io.cucumber.testng.AbstractTestNGCucumberTests.setUpClass(AbstractTestNGCucumberTests.java:27)
at java.base/java.util.ArrayList.forEach(ArrayList.java:1596)
... Removed 23 stack frames]]>
    </failure>
  </testcase> <!-- @BeforeClass setUpClass -->
</testsuite> <!-- Cucumber Tests -->
